<?xml version="1.0" encoding="UTF-8"?>
<testng-results skipped="0" failed="0" ignored="0" total="1" passed="1">
  <reporter-output>
  </reporter-output>
  <suite name="Default suite" duration-ms="23351" started-at="2020-11-30T17:06:16 IST" finished-at="2020-11-30T17:06:40 IST">
    <groups>
    </groups>
    <test name="Default test" duration-ms="23351" started-at="2020-11-30T17:06:16 IST" finished-at="2020-11-30T17:06:40 IST">
      <class name="SeliniumTestCases.NewTest01">
        <test-method status="PASS" signature="f()[pri:0, instance:SeliniumTestCases.NewTest01@4d95d2a2]" name="f" duration-ms="23276" started-at="2020-11-30T17:06:16 IST" finished-at="2020-11-30T17:06:40 IST">
          <reporter-output>
          </reporter-output>
        </test-method> <!-- f -->
      </class> <!-- SeliniumTestCases.NewTest01 -->
    </test> <!-- Default test -->
  </suite> <!-- Default suite -->
</testng-results>
